{
  "id": 250198896,
  "node_id": "MDEwOlJlcG9zaXRvcnkyNTAxOTg4OTY=",
  "name": "answer_to_the_ultimate_question",
  "full_name": "mmasdeu/answer_to_the_ultimate_question",
  "private": false,
  "owner": {
    "login": "mmasdeu",
    "id": 1638434,
    "node_id": "MDQ6VXNlcjE2Mzg0MzQ=",
    "avatar_url": "https://avatars1.githubusercontent.com/u/1638434?v=4",
    "gravatar_id": "",
    "url": "https://api.github.com/users/mmasdeu",
    "html_url": "https://github.com/mmasdeu",
    "followers_url": "https://api.github.com/users/mmasdeu/followers",
    "following_url": "https://api.github.com/users/mmasdeu/following{/other_user}",
    "gists_url": "https://api.github.com/users/mmasdeu/gists{/gist_id}",
    "starred_url": "https://api.github.com/users/mmasdeu/starred{/owner}{/repo}",
    "subscriptions_url": "https://api.github.com/users/mmasdeu/subscriptions",
    "organizations_url": "https://api.github.com/users/mmasdeu/orgs",
    "repos_url": "https://api.github.com/users/mmasdeu/repos",
    "events_url": "https://api.github.com/users/mmasdeu/events{/privacy}",
    "received_events_url": "https://api.github.com/users/mmasdeu/received_events",
    "type": "User",
    "site_admin": false
  },
  "html_url": "https://github.com/mmasdeu/answer_to_the_ultimate_question",
  "description": "Computes the Answer to the Ultimate Question.",
  "fork": false,
  "url": "https://api.github.com/repos/mmasdeu/answer_to_the_ultimate_question",
  "forks_url": "https://api.github.com/repos/mmasdeu/answer_to_the_ultimate_question/forks",
  "keys_url": "https://api.github.com/repos/mmasdeu/answer_to_the_ultimate_question/keys{/key_id}",
  "collaborators_url": "https://api.github.com/repos/mmasdeu/answer_to_the_ultimate_question/collaborators{/collaborator}",
  "teams_url": "https://api.github.com/repos/mmasdeu/answer_to_the_ultimate_question/teams",
  "hooks_url": "https://api.github.com/repos/mmasdeu/answer_to_the_ultimate_question/hooks",
  "issue_events_url": "https://api.github.com/repos/mmasdeu/answer_to_the_ultimate_question/issues/events{/number}",
  "events_url": "https://api.github.com/repos/mmasdeu/answer_to_the_ultimate_question/events",
  "assignees_url": "https://api.github.com/repos/mmasdeu/answer_to_the_ultimate_question/assignees{/user}",
  "branches_url": "https://api.github.com/repos/mmasdeu/answer_to_the_ultimate_question/branches{/branch}",
  "tags_url": "https://api.github.com/repos/mmasdeu/answer_to_the_ultimate_question/tags",
  "blobs_url": "https://api.github.com/repos/mmasdeu/answer_to_the_ultimate_question/git/blobs{/sha}",
  "git_tags_url": "https://api.github.com/repos/mmasdeu/answer_to_the_ultimate_question/git/tags{/sha}",
  "git_refs_url": "https://api.github.com/repos/mmasdeu/answer_to_the_ultimate_question/git/refs{/sha}",
  "trees_url": "https://api.github.com/repos/mmasdeu/answer_to_the_ultimate_question/git/trees{/sha}",
  "statuses_url": "https://api.github.com/repos/mmasdeu/answer_to_the_ultimate_question/statuses/{sha}",
  "languages_url": "https://api.github.com/repos/mmasdeu/answer_to_the_ultimate_question/languages",
  "stargazers_url": "https://api.github.com/repos/mmasdeu/answer_to_the_ultimate_question/stargazers",
  "contributors_url": "https://api.github.com/repos/mmasdeu/answer_to_the_ultimate_question/contributors",
  "subscribers_url": "https://api.github.com/repos/mmasdeu/answer_to_the_ultimate_question/subscribers",
  "subscription_url": "https://api.github.com/repos/mmasdeu/answer_to_the_ultimate_question/subscription",
  "commits_url": "https://api.github.com/repos/mmasdeu/answer_to_the_ultimate_question/commits{/sha}",
  "git_commits_url": "https://api.github.com/repos/mmasdeu/answer_to_the_ultimate_question/git/commits{/sha}",
  "comments_url": "https://api.github.com/repos/mmasdeu/answer_to_the_ultimate_question/comments{/number}",
  "issue_comment_url": "https://api.github.com/repos/mmasdeu/answer_to_the_ultimate_question/issues/comments{/number}",
  "contents_url": "https://api.github.com/repos/mmasdeu/answer_to_the_ultimate_question/contents/{+path}",
  "compare_url": "https://api.github.com/repos/mmasdeu/answer_to_the_ultimate_question/compare/{base}...{head}",
  "merges_url": "https://api.github.com/repos/mmasdeu/answer_to_the_ultimate_question/merges",
  "archive_url": "https://api.github.com/repos/mmasdeu/answer_to_the_ultimate_question/{archive_format}{/ref}",
  "downloads_url": "https://api.github.com/repos/mmasdeu/answer_to_the_ultimate_question/downloads",
  "issues_url": "https://api.github.com/repos/mmasdeu/answer_to_the_ultimate_question/issues{/number}",
  "pulls_url": "https://api.github.com/repos/mmasdeu/answer_to_the_ultimate_question/pulls{/number}",
  "milestones_url": "https://api.github.com/repos/mmasdeu/answer_to_the_ultimate_question/milestones{/number}",
  "notifications_url": "https://api.github.com/repos/mmasdeu/answer_to_the_ultimate_question/notifications{?since,all,participating}",
  "labels_url": "https://api.github.com/repos/mmasdeu/answer_to_the_ultimate_question/labels{/name}",
  "releases_url": "https://api.github.com/repos/mmasdeu/answer_to_the_ultimate_question/releases{/id}",
  "deployments_url": "https://api.github.com/repos/mmasdeu/answer_to_the_ultimate_question/deployments",
  "created_at": "2020-03-26T08:15:50Z",
  "updated_at": "2020-03-26T08:15:50Z",
  "pushed_at": "2020-03-26T08:15:51Z",
  "git_url": "git://github.com/mmasdeu/answer_to_the_ultimate_question.git",
  "ssh_url": "git@github.com:mmasdeu/answer_to_the_ultimate_question.git",
  "clone_url": "https://github.com/mmasdeu/answer_to_the_ultimate_question.git",
  "svn_url": "https://github.com/mmasdeu/answer_to_the_ultimate_question",
  "homepage": null,
  "size": 0,
  "stargazers_count": 0,
  "watchers_count": 0,
  "language": null,
  "has_issues": true,
  "has_projects": true,
  "has_downloads": true,
  "has_wiki": true,
  "has_pages": false,
  "forks_count": 0,
  "mirror_url": null,
  "archived": false,
  "disabled": false,
  "open_issues_count": 0,
  "license": null,
  "forks": 0,
  "open_issues": 0,
  "watchers": 0,
  "default_branch": "master",
  "permissions": {
    "admin": true,
    "push": true,
    "pull": true
  },
  "allow_squash_merge": true,
  "allow_merge_commit": true,
  "allow_rebase_merge": true,
  "delete_branch_on_merge": false,
  "network_count": 0,
  "subscribers_count": 0
}
Initialized empty Git repository in /home/float/GitProjects/answer_to_the_ultimate_question/.git/
